0 4 5 0 0 0 0 0 0 0 0
0.10000000000000001 4 5 49.032533333333319 0.047146666666666656 3 3 0 2120 2120 0
0.20000000000000001 4 5 863.338666666667 0.83013333333333383 15 12 0 14600 11480 0
0.30000000000000004 4 5 3303.2618666666581 3.176213333333326 32 27 0 32280 27080 0
0.40000000000000002 4 5 4447.2063999999655 4.2761599999999671 50 45 0 51000 45800 0
0.5 4 5 4447.2063999999655 4.2761599999999671 68 63 0 69720 64520 0
0.59999999999999998 4 5 4446.485333333364 4.2754666666666976 86 82 0 88440 84280 0
0.69999999999999996 4 5 4445.5424000000694 4.2745600000000685 104 100 0 107160 103000 0
0.79999999999999993 4 5 4445.5424000000694 4.2745600000000685 122 118 0 125880 121720 0
0.89999999999999991 4 5 4445.5424000000694 4.2745600000000685 140 136 0 144600 140440 0
0.99999999999999989 4 5 4445.5424000000694 4.2745600000000685 158 154 0 163320 159160 0
1.0999999999999999 4 5 4445.542399999913 4.2745599999999149 176 172 0 182040 177880 0
1.2 4 5 4445.5423999998438 4.2745599999998483 194 190 0 200760 196600 0
1.3 4 5 4445.5423999998438 4.2745599999998483 212 208 0 219480 215320 0
1.4000000000000001 4 5 4445.5423999998438 4.2745599999998483 230 226 0 238200 234040 0
1.5000000000000002 4 5 4445.5423999998438 4.2745599999998483 248 244 0 256920 252760 0
1.6000000000000003 4 5 4445.5423999998438 4.2745599999998483 266 262 0 275640 271480 0
1.7000000000000004 4 5 4445.5423999998438 4.2745599999998483 284 280 0 294360 290200 0
1.8000000000000005 4 5 4445.5423999998438 4.2745599999998483 302 298 0 313080 308920 0
1.9000000000000006 4 5 4445.5423999998438 4.2745599999998483 320 316 0 331800 327640 0
2.0000000000000004 4 5 4445.5423999998438 4.2745599999998483 338 334 0 350520 346360 0
2.1000000000000005 4 5 4445.5423999998438 4.2745599999998483 356 352 0 369240 365080 0
2.2000000000000006 4 5 4445.5423999998438 4.2745599999998483 374 370 0 387960 383800 0
2.3000000000000007 4 5 4445.5423999998438 4.2745599999998483 392 388 0 406680 402520 0
2.4000000000000008 4 5 4445.5423999998438 4.2745599999998483 410 406 0 425400 421240 0
2.5000000000000009 4 5 4445.5423999998438 4.2745599999998483 428 424 0 444120 439960 0
2.600000000000001 4 5 4445.5423999998429 4.2745599999998483 446 442 0 462840 458680 0
2.7000000000000011 4 5 3477.2053333327308 3.3434666666660875 463 460 1 480520 477400 1040
2.8000000000000012 4 5 1138.2869333333315 1.094506666666665 471 468 1 488840 485720 1040
2.9000000000000012 4 5 346.44479999950562 0.33311999999952463 481 480 1 499240 498200 1040
3.0000000000000013 4 5 432.91733333357809 0.41626666666690199 498 496 1 516920 514840 1040
3.1000000000000014 4 5 1037.7226666668491 1.0323999999999547 518 515 1 536720 533600 1040
3.2000000000000015 4 5 4534.9546666675242 4.3605333333341587 540 533 1 559600 552320 1040
3.3000000000000016 4 5 9846.6090666678392 9.4678933333344606 563 551 1 583520 571040 1040
3.4000000000000017 4 5 12911.808000000086 12.415200000000091 588 569 7 609520 589760 7280
3.5000000000000018 4 5 10766.357333331018 10.352266666664436 600 587 8 622000 608480 8320
3.6000000000000019 4 5 947.75893333172326 0.9113066666651185 603 595 8 625120 616800 8320
3.700000000000002 4 5 951.80799999999044 0.9151999999999908 610 602 8 632400 624080 8320
3.800000000000002 4 5 525.54666666699165 0.50533333333364583 626 617 8 649040 639680 8320
3.9000000000000021 4 5 1007.607466666993 0.96885333333364709 643 633 8 666720 656320 8320
4.0000000000000018 4 5 3306.0352000012313 3.178880000001183 665 651 8 689600 675040 8320
4.1000000000000014 4 5 6983.0869333342453 6.7145066666675453 686 669 8 711440 693760 8320
4.2000000000000011 4 5 6177.8773333324898 5.9402666666658579 703 687 9 729120 712480 9360
4.3000000000000007 4 5 4650.7690666640219 4.4718933333307902 712 703 9 738480 729120 9360
4.4000000000000004 4 5 1983.3216000009331 1.9070400000008971 732 720 9 759280 746800 9360
4.5 4 5 4274.2613333338495 4.1098666666671644 752 738 9 780080 765520 9360
4.5999999999999996 4 5 6356.923733333485 6.1124266666668117 772 756 10 800880 784240 10400
4.6999999999999993 4 5 7590.0586666672107 7.2981333333338574 792 774 10 821680 802960 10400
4.7999999999999989 4 5 5193.51039999779 4.9937599999978755 805 792 10 835200 821680 10400
4.8999999999999986 4 5 4670.2933333343135 4.4906666666676092 827 810 11 858080 840400 11440
4.9999999999999982 4 5 5227.2895999976799 5.0262399999977703 841 828 12 872640 859120 12480
5.0999999999999979 4 5 2385.2885333333038 2.2935466666666384 856 843 12 888240 874720 12480
5.1999999999999975 4 5 759.17226666702061 0.72997333333367365 874 860 12 906960 892400 12480
5.2999999999999972 4 5 1964.9066666668548 1.8893333333335138 893 878 12 926720 911120 12480
5.3999999999999968 4 5 4448.0938666672728 4.2770133333339162 913 896 12 947520 929840 12480
5.4999999999999964 4 5 5701.973333333528 5.4826666666668551 933 914 13 968320 948560 13520
5.5999999999999961 4 5 6844.1429333330843 6.5809066666664293 951 932 13 987040 967280 13520
5.6999999999999957 4 5 5232.0042666659674 5.030773333332661 969 950 14 1005760 986000 14560
5.7999999999999954 4 5 5154.9055999992952 4.9566399999993216 986 968 14 1023440 1004720 14560
5.899999999999995 4 5 3426.841600000474 3.2950400000004558 1000 981 14 1038000 1018240 14560
5.9999999999999947 4 5 3137.5274666659757 3.0168533333326693 1017 999 14 1055680 1036960 14560
6.0999999999999943 4 5 4659.5882666669268 4.4803733333335831 1037 1017 15 1076480 1055680 15600
6.199999999999994 4 5 5484.1002666654485 5.2731733333321626 1053 1035 15 1093120 1074400 15600
6.2999999999999936 4 5 2398.1567999998115 2.3059199999998183 1072 1053 16 1112880 1093120 16640
6.3999999999999932 4 5 1301.4143999987798 1.2513599999988267 1087 1070 16 1128480 1110800 16640
6.4999999999999929 4 5 1710.8138666680823 1.6450133333346941 1108 1088 16 1150320 1129520 16640
6.5999999999999925 4 5 4327.1210666675333 4.1606933333341685 1128 1106 16 1171120 1148240 16640
6.6999999999999922 4 5 6156.6335999992179 5.9198399999992493 1147 1125 17 1190880 1168000 17680
6.7999999999999918 4 5 7181.3802666669853 6.9051733333336411 1166 1143 17 1210640 1186720 17680
6.8999999999999915 4 5 5366.843733330812 5.1604266666642404 1181 1161 18 1226240 1205440 18720
6.9999999999999911 4 5 2837.5082666652825 2.7283733333320024 1196 1178 18 1241840 1223120 18720
7.0999999999999908 4 5 2663.3983999999568 2.5609599999999588 1211 1193 18 1257440 1238720 18720
7.1999999999999904 4 5 3222.7797333354433 3.0988266666686948 1233 1211 18 1280320 1257440 18720
7.2999999999999901 4 5 5737.2501333349119 5.5165866666681858 1254 1229 18 1302160 1276160 18720
7.3999999999999897 4 5 6467.5242666664635 6.2187733333331385 1273 1247 19 1321920 1294880 19760
7.4999999999999893 4 5 4224.8405333306828 4.0623466666641193 1288 1265 20 1337520 1313600 20800
7.599999999999989 4 5 4269.9904000004299 4.1057600000004122 1307 1283 20 1357280 1332320 20800
7.6999999999999886 4 5 2565.9434666645848 2.4672533333313318 1323 1301 21 1373920 1351040 21840
7.7999999999999883 4 5 1047.9317333358738 1.0076266666691094 1336 1310 21 1387440 1360400 21840
7.8999999999999879 4 5 1072.6698666633449 1.0314133333301394 1345 1324 21 1396800 1374960 21840
7.9999999999999876 4 5 737.37386666723432 0.70901333333387917 1364 1342 21 1416560 1393680 21840
8.0999999999999872 4 5 2569.2160000032254 2.4704000000031012 1385 1360 21 1438400 1412400 21840
8.1999999999999869 4 5 5220.3008000027457 5.0195200000026396 1405 1378 21 1459200 1431120 21840
8.2999999999999865 4 5 6620.8341333353937 6.3661866666686473 1425 1396 22 1480000 1449840 22880
8.3999999999999861 4 5 6005.2650666675545 5.7742933333341844 1438 1414 22 1493520 1468560 22880
8.4999999999999858 4 5 3350.9632000007114 3.2220800000006848 1456 1430 22 1512240 1485200 22880
8.5999999999999854 4 5 5297.5104000017491 5.0937600000016836 1476 1448 22 1533040 1503920 22880
8.6999999999999851 4 5 6638.6389333349061 6.3833066666681813 1496 1466 23 1553840 1522640 23920
8.7999999999999847 4 5 7697.1093333355111 7.401066666668763 1513 1484 23 1571520 1541360 23920
8.8999999999999844 4 5 3453.7429333357018 3.3209066666689444 1530 1502 24 1589200 1560080 24960
8.999999999999984 4 5 2405.2565333368434 2.312746666670042 1545 1520 24 1604800 1578800 24960
9.0999999999999837 4 5 2099.3024000012388 2.018560000001191 1565 1538 25 1625600 1597520 26000
9.1999999999999833 4 5 2110.7285333365758 2.0295466666697841 1578 1553 25 1639120 1613120 26000
9.2999999999999829 4 5 1924.4714666671509 1.8504533333337991 1591 1566 25 1652640 1626640 26000
9.3999999999999826 4 5 1101.6789333320712 1.0593066666654531 1611 1584 25 1673440 1645360 26000
9.4999999999999822 4 5 3360.3925333313368 3.2311466666647464 1632 1602 25 1695280 1664080 26000
9.5999999999999819 4 5 5555.4858666669579 5.3418133333336124 1652 1620 26 1716080 1682800 27040
9.6999999999999815 4 5 6605.8026666668102 6.3517333333334713 1671 1638 26 1735840 1701520 27040
9.7999999999999812 4 5 5852.3434666716685 5.6272533333381451 1687 1656 26 1752480 1720240 27040
9.8999999999999808 4 5 5602.0778666664673 5.386613333333143 1707 1674 27 1773280 1738960 28080
9.9999999999999805 4 5 3998.8693333468536 3.8450666666796667 1715 1688 27 1781600 1753520 28080
